2024-08-31 10:48:55 DEBUG TestNG:82 - suiteXmlPath: "C:\Users\sreek\eclipse-workspace\framework\final.xml"
2024-08-31 10:48:55 INFO  Utils:112 - [TestNG] Running:
  C:\Users\sreek\eclipse-workspace\framework\final.xml

2024-08-31 11:01:20 DEBUG TestNG:82 - suiteXmlPath: "C:\Users\sreek\eclipse-workspace\framework\final.xml"
2024-08-31 11:01:20 INFO  Utils:112 - [TestNG] Running:
  C:\Users\sreek\eclipse-workspace\framework\final.xml

2024-08-31 11:02:22 DEBUG TestNG:82 - suiteXmlPath: "C:\Users\sreek\eclipse-workspace\framework\final.xml"
2024-08-31 11:02:23 INFO  Utils:112 - [TestNG] Running:
  C:\Users\sreek\eclipse-workspace\framework\final.xml

2024-08-31 11:07:54 DEBUG TestNG:82 - suiteXmlPath: "C:\Users\sreek\eclipse-workspace\framework\final.xml"
2024-08-31 11:07:54 INFO  Utils:112 - [TestNG] Running:
  C:\Users\sreek\eclipse-workspace\framework\final.xml

2024-08-31 11:22:59 DEBUG TestNG:82 - suiteXmlPath: "C:\Users\sreek\eclipse-workspace\framework\final.xml"
2024-08-31 11:22:59 INFO  Utils:112 - [TestNG] Running:
  C:\Users\sreek\eclipse-workspace\framework\final.xml

2024-08-31 11:23:05 INFO  TC001_AccountrRgistration:15 - Starting
2024-08-31 11:23:05 INFO  TC001_AccountrRgistration:17 - Clicking on HomePage
2024-08-31 11:23:05 INFO  TC001_AccountrRgistration:26 - ***** Registration started *****
2024-08-31 11:23:07 INFO  TC001_AccountrRgistration:41 - Validating Expected Message
2024-08-31 11:23:07 ERROR TC001_AccountrRgistration:49 - Test Failed
2024-08-31 11:23:07 DEBUG TC001_AccountrRgistration:50 - Test Failed-Debug
2024-08-31 11:23:07 INFO  TC001_AccountrRgistration:61 - Registration Process Completed
2024-08-31 11:23:09 INFO  TC002_Login:17 - Starting Login Test 
2024-08-31 11:24:06 DEBUG TestNG:82 - suiteXmlPath: "C:\Users\sreek\eclipse-workspace\framework\final.xml"
2024-08-31 11:24:06 INFO  Utils:112 - [TestNG] Running:
  C:\Users\sreek\eclipse-workspace\framework\final.xml

2024-08-31 11:24:09 INFO  TC001_AccountrRgistration:15 - Starting
2024-08-31 11:24:09 INFO  TC001_AccountrRgistration:17 - Clicking on HomePage
2024-08-31 11:24:09 INFO  TC001_AccountrRgistration:26 - ***** Registration started *****
2024-08-31 11:24:10 INFO  TC001_AccountrRgistration:41 - Validating Expected Message
2024-08-31 11:24:10 ERROR TC001_AccountrRgistration:49 - Test Failed
2024-08-31 11:24:10 DEBUG TC001_AccountrRgistration:50 - Test Failed-Debug
2024-08-31 11:24:10 INFO  TC001_AccountrRgistration:61 - Registration Process Completed
2024-08-31 11:24:12 INFO  TC002_Login:17 - Starting Login Test 
2024-08-31 11:30:47 DEBUG TestNG:82 - suiteXmlPath: "C:\Users\sreek\eclipse-workspace\framework\final.xml"
2024-08-31 11:30:47 INFO  Utils:112 - [TestNG] Running:
  C:\Users\sreek\eclipse-workspace\framework\final.xml

2024-08-31 11:32:20 DEBUG TestNG:82 - suiteXmlPath: "C:\Users\sreek\eclipse-workspace\framework\final.xml"
2024-08-31 11:32:20 INFO  Utils:112 - [TestNG] Running:
  C:\Users\sreek\eclipse-workspace\framework\final.xml

2024-08-31 12:00:39 DEBUG TestNG:82 - suiteXmlPath: "C:\Users\sreek\eclipse-workspace\framework\final.xml"
2024-08-31 12:00:40 INFO  Utils:112 - [TestNG] Running:
  C:\Users\sreek\eclipse-workspace\framework\final.xml

2024-08-31 12:00:42 INFO  TC001_AccountrRgistration:15 - Starting
2024-08-31 12:00:42 INFO  TC001_AccountrRgistration:17 - Clicking on HomePage
2024-08-31 12:00:42 INFO  TC001_AccountrRgistration:26 - ***** Registration started *****
2024-08-31 12:00:44 INFO  TC001_AccountrRgistration:41 - Validating Expected Message
2024-08-31 12:00:44 ERROR TC001_AccountrRgistration:49 - Test Failed
2024-08-31 12:00:44 DEBUG TC001_AccountrRgistration:50 - Test Failed-Debug
2024-08-31 12:00:44 INFO  TC001_AccountrRgistration:61 - Registration Process Completed
2024-08-31 12:00:47 INFO  TC002_Login:17 - Starting Login Test 
2024-08-31 12:29:45 DEBUG TestNG:82 - suiteXmlPath: "C:\Users\sreek\eclipse-workspace\framework\final.xml"
2024-08-31 12:29:45 INFO  Utils:112 - [TestNG] Running:
  C:\Users\sreek\eclipse-workspace\framework\final.xml

2024-08-31 12:29:48 INFO  TC001_AccountrRgistration:15 - Starting
2024-08-31 12:29:48 INFO  TC001_AccountrRgistration:17 - Clicking on HomePage
2024-08-31 12:29:48 INFO  TC001_AccountrRgistration:26 - ***** Registration started *****
2024-08-31 12:29:50 INFO  TC001_AccountrRgistration:41 - Validating Expected Message
2024-08-31 12:29:50 ERROR TC001_AccountrRgistration:49 - Test Failed
2024-08-31 12:29:50 DEBUG TC001_AccountrRgistration:50 - Test Failed-Debug
2024-08-31 12:29:50 INFO  TC001_AccountrRgistration:61 - Registration Process Completed
2024-08-31 12:29:52 INFO  TC002_Login:17 - Starting Login Test 
2024-08-31 12:46:12 DEBUG TestNG:82 - suiteXmlPath: "C:\Users\sreek\eclipse-workspace\framework\master.xml"
2024-08-31 12:46:13 INFO  Utils:112 - [TestNG] Running:
  C:\Users\sreek\eclipse-workspace\framework\master.xml

2024-08-31 12:46:19 INFO  TC001_AccountrRgistration:15 - Starting
2024-08-31 12:46:19 INFO  TC001_AccountrRgistration:17 - Clicking on HomePage
2024-08-31 12:46:19 INFO  TC001_AccountrRgistration:26 - ***** Registration started *****
2024-08-31 12:46:22 INFO  TC001_AccountrRgistration:41 - Validating Expected Message
2024-08-31 12:46:22 ERROR TC001_AccountrRgistration:49 - Test Failed
2024-08-31 12:46:22 DEBUG TC001_AccountrRgistration:50 - Test Failed-Debug
2024-08-31 12:46:22 INFO  TC001_AccountrRgistration:61 - Registration Process Completed
2024-08-31 12:46:25 INFO  TC002_Login:17 - Starting Login Test 
2024-08-31 15:16:45 DEBUG TestNG:82 - suiteXmlPath: "C:\Users\sreek\eclipse-workspace\framework\final.xml"
2024-08-31 15:16:48 INFO  TC001_AccountrRgistration:15 - Starting
2024-08-31 15:16:48 INFO  TC001_AccountrRgistration:17 - Clicking on HomePage
2024-08-31 15:16:48 INFO  TC001_AccountrRgistration:26 - ***** Registration started *****
2024-08-31 15:16:50 INFO  TC001_AccountrRgistration:41 - Validating Expected Message
2024-08-31 15:16:50 ERROR TC001_AccountrRgistration:49 - Test Failed
2024-08-31 15:16:50 DEBUG TC001_AccountrRgistration:50 - Test Failed-Debug
2024-08-31 15:16:50 INFO  TC001_AccountrRgistration:61 - Registration Process Completed
2024-08-31 15:16:53 INFO  TC002_Login:17 - Starting Login Test 
2024-08-31 15:33:48 DEBUG TestNG:82 - suiteXmlPath: "C:\Users\sreek\eclipse-workspace\framework\final.xml"
2024-08-31 15:33:51 INFO  TC001_AccountrRgistration:15 - Starting
2024-08-31 15:33:51 INFO  TC001_AccountrRgistration:17 - Clicking on HomePage
2024-08-31 15:33:51 INFO  TC001_AccountrRgistration:26 - ***** Registration started *****
2024-08-31 15:33:52 INFO  TC001_AccountrRgistration:41 - Validating Expected Message
2024-08-31 15:33:52 ERROR TC001_AccountrRgistration:49 - Test Failed
2024-08-31 15:33:52 DEBUG TC001_AccountrRgistration:50 - Test Failed-Debug
2024-08-31 15:33:52 INFO  TC001_AccountrRgistration:61 - Registration Process Completed
2024-08-31 15:33:54 INFO  TC002_Login:17 - Starting Login Test 
2024-08-31 15:48:55 DEBUG TestNG:82 - suiteXmlPath: "C:\Users\sreek\eclipse-workspace\framework\final.xml"
2024-08-31 15:48:58 INFO  TC001_AccountrRgistration:15 - Starting
2024-08-31 15:48:58 INFO  TC001_AccountrRgistration:17 - Clicking on HomePage
2024-08-31 15:48:58 INFO  TC001_AccountrRgistration:26 - ***** Registration started *****
2024-08-31 15:49:00 INFO  TC001_AccountrRgistration:41 - Validating Expected Message
2024-08-31 15:49:00 ERROR TC001_AccountrRgistration:49 - Test Failed
2024-08-31 15:49:00 DEBUG TC001_AccountrRgistration:50 - Test Failed-Debug
2024-08-31 15:49:00 INFO  TC001_AccountrRgistration:61 - Registration Process Completed
2024-08-31 15:49:02 INFO  TC002_Login:17 - Starting Login Test 
2024-08-31 16:08:42 DEBUG TestNG:82 - suiteXmlPath: "C:\Users\sreek\eclipse-workspace\framework\final.xml"
2024-08-31 16:08:45 INFO  TC001_AccountrRgistration:15 - Starting
2024-08-31 16:08:45 INFO  TC001_AccountrRgistration:17 - Clicking on HomePage
2024-08-31 16:08:45 INFO  TC001_AccountrRgistration:26 - ***** Registration started *****
2024-08-31 16:08:47 INFO  TC001_AccountrRgistration:41 - Validating Expected Message
2024-08-31 16:08:47 ERROR TC001_AccountrRgistration:49 - Test Failed
2024-08-31 16:08:47 DEBUG TC001_AccountrRgistration:50 - Test Failed-Debug
2024-08-31 16:08:47 INFO  TC001_AccountrRgistration:61 - Registration Process Completed
2024-08-31 16:08:49 INFO  TC002_Login:17 - Starting Login Test 
